<?xml version="1.0" encoding="UTF-8"?>
<coverage generated="1627247907287" clover="3.2.0">
  <project timestamp="1627247907287" name="All files">
    <metrics statements="18" coveredstatements="14" conditionals="8" coveredconditionals="5" methods="8" coveredmethods="6" elements="34" coveredelements="25" complexity="0" loc="18" ncloc="18" packages="4" files="4" classes="4"/>
    <package name="components.MovieCard">
      <metrics statements="2" coveredstatements="2" conditionals="0" coveredconditionals="0" methods="1" coveredmethods="1"/>
      <file name="index.tsx" path="/home/raiffep/Documents/Desafio_Webjump/src/components/MovieCard/index.tsx">
        <metrics statements="2" coveredstatements="2" conditionals="0" coveredconditionals="0" methods="1" coveredmethods="1"/>
        <line num="18" count="2" type="stmt"/>
        <line num="19" count="1" type="stmt"/>
      </file>
    </package>
    <package name="pages.home">
      <metrics statements="8" coveredstatements="6" conditionals="4" coveredconditionals="3" methods="6" coveredmethods="4"/>
      <file name="index.tsx" path="/home/raiffep/Documents/Desafio_Webjump/src/pages/home/index.tsx">
        <metrics statements="8" coveredstatements="6" conditionals="4" coveredconditionals="3" methods="6" coveredmethods="4"/>
        <line num="23" count="1" type="stmt"/>
        <line num="24" count="1" type="stmt"/>
        <line num="25" count="1" type="stmt"/>
        <line num="28" count="1" type="stmt"/>
        <line num="31" count="0" type="stmt"/>
        <line num="34" count="1" type="stmt"/>
        <line num="49" count="0" type="stmt"/>
        <line num="63" count="1" type="stmt"/>
      </file>
    </package>
    <package name="services">
      <metrics statements="1" coveredstatements="1" conditionals="0" coveredconditionals="0" methods="0" coveredmethods="0"/>
      <file name="api.ts" path="/home/raiffep/Documents/Desafio_Webjump/src/services/api.ts">
        <metrics statements="1" coveredstatements="1" conditionals="0" coveredconditionals="0" methods="0" coveredmethods="0"/>
        <line num="3" count="1" type="stmt"/>
      </file>
    </package>
    <package name="services.store">
      <metrics statements="7" coveredstatements="5" conditionals="4" coveredconditionals="2" methods="1" coveredmethods="1"/>
      <file name="index.ts" path="/home/raiffep/Documents/Desafio_Webjump/src/services/store/index.ts">
        <metrics statements="7" coveredstatements="5" conditionals="4" coveredconditionals="2" methods="1" coveredmethods="1"/>
        <line num="15" count="1" type="stmt"/>
        <line num="20" count="1" type="stmt"/>
        <line num="23" count="3" type="cond" truecount="1" falsecount="2"/>
        <line num="25" count="0" type="stmt"/>
        <line num="30" count="0" type="stmt"/>
        <line num="34" count="3" type="stmt"/>
        <line num="38" count="1" type="stmt"/>
      </file>
    </package>
  </project>
</coverage>
