{"/home/raiffep/Documents/Desafio_Webjump/src/components/MovieCard/index.tsx": {"path":"/home/raiffep/Documents/Desafio_Webjump/src/components/MovieCard/index.tsx","statementMap":{"0":{"start":{"line":18,"column":18},"end":{"line":31,"column":1}},"1":{"start":{"line":19,"column":2},"end":{"line":30,"column":4}}},"fnMap":{"0":{"name":"(anonymous_0)","decl":{"start":{"line":18,"column":18},"end":{"line":18,"column":19}},"loc":{"start":{"line":18,"column":41},"end":{"line":31,"column":1}},"line":18}},"branchMap":{},"s":{"0":2,"1":1},"f":{"0":1},"b":{},"_coverageSchema":"1a1c01bbd47fc00a2c39e90264f33305004495a9","hash":"d000c8461c52392d25fdaa5ad0b2c194c38fe771"}
,"/home/raiffep/Documents/Desafio_Webjump/src/pages/home/index.tsx": {"path":"/home/raiffep/Documents/Desafio_Webjump/src/pages/home/index.tsx","statementMap":{"0":{"start":{"line":23,"column":13},"end":{"line":61,"column":1}},"1":{"start":{"line":24,"column":2},"end":{"line":26,"column":14}},"2":{"start":{"line":25,"column":4},"end":{"line":25,"column":26}},"3":{"start":{"line":28,"column":20},"end":{"line":32,"column":4}},"4":{"start":{"line":28,"column":40},"end":{"line":32,"column":3}},"5":{"start":{"line":31,"column":24},"end":{"line":31,"column":37}},"6":{"start":{"line":34,"column":2},"end":{"line":60,"column":4}},"7":{"start":{"line":49,"column":14},"end":{"line":49,"column":54}},"8":{"start":{"line":63,"column":41},"end":{"line":63,"column":65}}},"fnMap":{"0":{"name":"(anonymous_0)","decl":{"start":{"line":23,"column":13},"end":{"line":23,"column":14}},"loc":{"start":{"line":23,"column":51},"end":{"line":61,"column":1}},"line":23},"1":{"name":"(anonymous_1)","decl":{"start":{"line":24,"column":12},"end":{"line":24,"column":13}},"loc":{"start":{"line":24,"column":18},"end":{"line":26,"column":3}},"line":24},"2":{"name":"(anonymous_2)","decl":{"start":{"line":28,"column":20},"end":{"line":28,"column":21}},"loc":{"start":{"line":28,"column":40},"end":{"line":32,"column":3}},"line":28},"3":{"name":"(anonymous_3)","decl":{"start":{"line":31,"column":12},"end":{"line":31,"column":13}},"loc":{"start":{"line":31,"column":24},"end":{"line":31,"column":37}},"line":31},"4":{"name":"(anonymous_4)","decl":{"start":{"line":48,"column":24},"end":{"line":48,"column":25}},"loc":{"start":{"line":49,"column":14},"end":{"line":49,"column":54}},"line":49},"5":{"name":"(anonymous_5)","decl":{"start":{"line":63,"column":23},"end":{"line":63,"column":24}},"loc":{"start":{"line":63,"column":41},"end":{"line":63,"column":65}},"line":63}},"branchMap":{"0":{"loc":{"start":{"line":40,"column":9},"end":{"line":57,"column":9}},"type":"cond-expr","locations":[{"start":{"line":41,"column":10},"end":{"line":51,"column":12}},{"start":{"line":53,"column":10},"end":{"line":56,"column":24}}],"line":40},"1":{"loc":{"start":{"line":40,"column":9},"end":{"line":40,"column":32}},"type":"binary-expr","locations":[{"start":{"line":40,"column":9},"end":{"line":40,"column":15}},{"start":{"line":40,"column":19},"end":{"line":40,"column":32}}],"line":40}},"s":{"0":1,"1":1,"2":1,"3":1,"4":1,"5":0,"6":1,"7":0,"8":1},"f":{"0":1,"1":1,"2":1,"3":0,"4":0,"5":1},"b":{"0":[0,1],"1":[1,1]},"_coverageSchema":"1a1c01bbd47fc00a2c39e90264f33305004495a9","hash":"35c058b653036d629eb0c5e11cad57981a29bd26"}
,"/home/raiffep/Documents/Desafio_Webjump/src/services/api.ts": {"path":"/home/raiffep/Documents/Desafio_Webjump/src/services/api.ts","statementMap":{"0":{"start":{"line":3,"column":22},"end":{"line":5,"column":2}}},"fnMap":{},"branchMap":{},"s":{"0":1},"f":{},"b":{},"_coverageSchema":"1a1c01bbd47fc00a2c39e90264f33305004495a9","hash":"49ca6b612facf39bcf62e58b6c6afb7c639e1549"}
,"/home/raiffep/Documents/Desafio_Webjump/src/services/store/index.ts": {"path":"/home/raiffep/Documents/Desafio_Webjump/src/services/store/index.ts","statementMap":{"0":{"start":{"line":15,"column":21},"end":{"line":18,"column":1}},"1":{"start":{"line":20,"column":39},"end":{"line":36,"column":1}},"2":{"start":{"line":23,"column":2},"end":{"line":35,"column":3}},"3":{"start":{"line":25,"column":6},"end":{"line":28,"column":8}},"4":{"start":{"line":30,"column":6},"end":{"line":33,"column":8}},"5":{"start":{"line":34,"column":13},"end":{"line":34,"column":26}},"6":{"start":{"line":38,"column":21},"end":{"line":38,"column":74}}},"fnMap":{"0":{"name":"(anonymous_0)","decl":{"start":{"line":20,"column":39},"end":{"line":20,"column":40}},"loc":{"start":{"line":21,"column":62},"end":{"line":36,"column":1}},"line":21}},"branchMap":{"0":{"loc":{"start":{"line":21,"column":2},"end":{"line":21,"column":29}},"type":"default-arg","locations":[{"start":{"line":21,"column":17},"end":{"line":21,"column":29}}],"line":21},"1":{"loc":{"start":{"line":23,"column":2},"end":{"line":35,"column":3}},"type":"switch","locations":[{"start":{"line":24,"column":4},"end":{"line":28,"column":8}},{"start":{"line":29,"column":4},"end":{"line":33,"column":8}},{"start":{"line":34,"column":4},"end":{"line":34,"column":26}}],"line":23}},"s":{"0":1,"1":1,"2":3,"3":0,"4":0,"5":3,"6":1},"f":{"0":3},"b":{"0":[2],"1":[0,0,3]},"_coverageSchema":"1a1c01bbd47fc00a2c39e90264f33305004495a9","hash":"39e9229b673962996890069fed8f6f55333b7bc9"}
}
