TN:
SF:src/components/MovieCard/index.tsx
FN:18,(anonymous_0)
FNF:1
FNH:1
FNDA:1,(anonymous_0)
DA:18,2
DA:19,1
LF:2
LH:2
BRF:0
BRH:0
end_of_record
TN:
SF:src/pages/home/index.tsx
FN:23,(anonymous_0)
FN:24,(anonymous_1)
FN:28,(anonymous_2)
FN:31,(anonymous_3)
FN:48,(anonymous_4)
FN:63,(anonymous_5)
FNF:6
FNH:4
FNDA:1,(anonymous_0)
FNDA:1,(anonymous_1)
FNDA:1,(anonymous_2)
FNDA:0,(anonymous_3)
FNDA:0,(anonymous_4)
FNDA:1,(anonymous_5)
DA:23,1
DA:24,1
DA:25,1
DA:28,1
DA:31,0
DA:34,1
DA:49,0
DA:63,1
LF:8
LH:6
BRDA:40,0,0,0
BRDA:40,0,1,1
BRDA:40,1,0,1
BRDA:40,1,1,1
BRF:4
BRH:3
end_of_record
TN:
SF:src/services/api.ts
FNF:0
FNH:0
DA:3,1
LF:1
LH:1
BRF:0
BRH:0
end_of_record
TN:
SF:src/services/store/index.ts
FN:20,(anonymous_0)
FNF:1
FNH:1
FNDA:3,(anonymous_0)
DA:15,1
DA:20,1
DA:23,3
DA:25,0
DA:30,0
DA:34,3
DA:38,1
LF:7
LH:5
BRDA:21,0,0,2
BRDA:23,1,0,0
BRDA:23,1,1,0
BRDA:23,1,2,3
BRF:4
BRH:2
end_of_record
